# JRE version: OpenJDK Runtime Environment (17.0.7) (build 17.0.7+0-b2043.56-10550314)
# Java VM: OpenJDK 64-Bit Server VM (17.0.7+0-b2043.56-10550314, mixed mode, tiered, compressed oops, compressed class ptrs, g1 gc, windows-amd64)
GC Precious Log:
 CPUs: 8 total, 8 available
 Memory: 16130M
 Large Page Support: Disabled
 NUMA Support: Disabled
 Compressed Oops: Enabled (32-bit)
 Heap Region Size: 1M
 Heap Min Capacity: 8M
 Heap Initial Capacity: 254M
 Heap Max Capacity: 2G
 Pre-touch: Disabled
 Parallel Workers: 8
 Concurrent Workers: 2
 Concurrent Refinement Workers: 8
 Periodic GC: Disabled
Heap:
 garbage-first heap   total 260096K, used 93146K [0x0000000080000000, 0x0000000100000000)
  region size 1024K, 5 young (5120K), 5 survivors (5120K)
 Metaspace       used 93168K, committed 93824K, reserved 1179648K
  class space    used 12923K, committed 13248K, reserved 1048576K
GC Heap History (20 events):
Event: 10.693 GC heap after
{Heap after GC invocations=35 (full 0):
 garbage-first heap   total 146432K, used 63786K [0x0000000080000000, 0x0000000100000000)
  region size 1024K, 3 young (3072K), 3 survivors (3072K)
 Metaspace       used 76775K, committed 77440K, reserved 1179648K
  class space    used 10349K, committed 10688K, reserved 1048576K
}
Event: 11.299 GC heap before
{Heap before GC invocations=35 (full 0):
 garbage-first heap   total 146432K, used 111914K [0x0000000080000000, 0x0000000100000000)
  region size 1024K, 50 young (51200K), 3 survivors (3072K)
 Metaspace       used 80614K, committed 81216K, reserved 1179648K
  class space    used 11053K, committed 11328K, reserved 1048576K
}
Event: 11.304 GC heap after
{Heap after GC invocations=36 (full 0):
 garbage-first heap   total 146432K, used 65309K [0x0000000080000000, 0x0000000100000000)
  region size 1024K, 5 young (5120K), 5 survivors (5120K)
 Metaspace       used 80614K, committed 81216K, reserved 1179648K
  class space    used 11053K, committed 11328K, reserved 1048576K
}
Event: 12.016 GC heap before
{Heap before GC invocations=36 (full 0):
 garbage-first heap   total 146432K, used 113437K [0x0000000080000000, 0x0000000100000000)
  region size 1024K, 52 young (53248K), 5 survivors (5120K)
 Metaspace       used 84740K, committed 85312K, reserved 1179648K
  class space    used 11679K, committed 11968K, reserved 1048576K
}
Event: 12.023 GC heap after
{Heap after GC invocations=37 (full 0):
 garbage-first heap   total 146432K, used 68135K [0x0000000080000000, 0x0000000100000000)
  region size 1024K, 5 young (5120K), 5 survivors (5120K)
 Metaspace       used 84740K, committed 85312K, reserved 1179648K
  class space    used 11679K, committed 11968K, reserved 1048576K
}
Event: 12.767 GC heap before
{Heap before GC invocations=37 (full 0):
 garbage-first heap   total 146432K, used 116263K [0x0000000080000000, 0x0000000100000000)
  region size 1024K, 52 young (53248K), 5 survivors (5120K)
 Metaspace       used 89132K, committed 89728K, reserved 1179648K
  class space    used 12309K, committed 12608K, reserved 1048576K
}
Event: 12.774 GC heap after
{Heap after GC invocations=38 (full 0):
 garbage-first heap   total 146432K, used 71339K [0x0000000080000000, 0x0000000100000000)
  region size 1024K, 6 young (6144K), 6 survivors (6144K)
 Metaspace       used 89132K, committed 89728K, reserved 1179648K
  class space    used 12309K, committed 12608K, reserved 1048576K
}
Event: 13.276 GC heap before
{Heap before GC invocations=38 (full 0):
 garbage-first heap   total 146432K, used 117419K [0x0000000080000000, 0x0000000100000000)
  region size 1024K, 51 young (52224K), 6 survivors (6144K)
 Metaspace       used 89967K, committed 90624K, reserved 1179648K
  class space    used 12407K, committed 12736K, reserved 1048576K
}
Event: 13.286 GC heap after
{Heap after GC invocations=39 (full 0):
 garbage-first heap   total 146432K, used 77824K [0x0000000080000000, 0x0000000100000000)
  region size 1024K, 7 young (7168K), 7 survivors (7168K)
 Metaspace       used 89967K, committed 90624K, reserved 1179648K
  class space    used 12407K, committed 12736K, reserved 1048576K
}
Event: 13.872 GC heap before
{Heap before GC invocations=40 (full 0):
 garbage-first heap   total 146432K, used 116736K [0x0000000080000000, 0x0000000100000000)
  region size 1024K, 46 young (47104K), 7 survivors (7168K)
 Metaspace       used 91904K, committed 92544K, reserved 1179648K
  class space    used 12789K, committed 13120K, reserved 1048576K
}
Event: 13.884 GC heap after
{Heap after GC invocations=41 (full 0):
 garbage-first heap   total 146432K, used 84091K [0x0000000080000000, 0x0000000100000000)
  region size 1024K, 6 young (6144K), 6 survivors (6144K)
 Metaspace       used 91904K, committed 92544K, reserved 1179648K
  class space    used 12789K, committed 13120K, reserved 1048576K
}
Event: 13.891 GC heap before
{Heap before GC invocations=41 (full 0):
 garbage-first heap   total 146432K, used 85115K [0x0000000080000000, 0x0000000100000000)
  region size 1024K, 7 young (7168K), 6 survivors (6144K)
 Metaspace       used 91909K, committed 92544K, reserved 1179648K
  class space    used 12789K, committed 13120K, reserved 1048576K
}
Event: 13.898 GC heap after
{Heap after GC invocations=42 (full 0):
 garbage-first heap   total 146432K, used 84992K [0x0000000080000000, 0x0000000100000000)
  region size 1024K, 1 young (1024K), 1 survivors (1024K)
 Metaspace       used 91909K, committed 92544K, reserved 1179648K
  class space    used 12789K, committed 13120K, reserved 1048576K
}
Event: 14.267 GC heap before
{Heap before GC invocations=42 (full 0):
 garbage-first heap   total 146432K, used 117760K [0x0000000080000000, 0x0000000100000000)
  region size 1024K, 34 young (34816K), 1 survivors (1024K)
 Metaspace       used 92105K, committed 92800K, reserved 1179648K
  class space    used 12794K, committed 13120K, reserved 1048576K
}
Event: 14.272 GC heap after
{Heap after GC invocations=43 (full 0):
 garbage-first heap   total 146432K, used 88523K [0x0000000080000000, 0x0000000100000000)
  region size 1024K, 5 young (5120K), 5 survivors (5120K)
 Metaspace       used 92105K, committed 92800K, reserved 1179648K
  class space    used 12794K, committed 13120K, reserved 1048576K
}
Event: 14.638 GC heap before
{Heap before GC invocations=44 (full 0):
 garbage-first heap   total 158720K, used 118219K [0x0000000080000000, 0x0000000100000000)
  region size 1024K, 35 young (35840K), 5 survivors (5120K)
 Metaspace       used 92514K, committed 93184K, reserved 1179648K
  class space    used 12832K, committed 13184K, reserved 1048576K
}
Event: 14.645 GC heap after
{Heap after GC invocations=45 (full 0):
 garbage-first heap   total 158720K, used 90663K [0x0000000080000000, 0x0000000100000000)
  region size 1024K, 5 young (5120K), 5 survivors (5120K)
 Metaspace       used 92514K, committed 93184K, reserved 1179648K
  class space    used 12832K, committed 13184K, reserved 1048576K
}
Event: 14.653 GC heap before
{Heap before GC invocations=45 (full 0):
 garbage-first heap   total 158720K, used 91687K [0x0000000080000000, 0x0000000100000000)
  region size 1024K, 7 young (7168K), 5 survivors (5120K)
 Metaspace       used 92518K, committed 93184K, reserved 1179648K
  class space    used 12832K, committed 13184K, reserved 1048576K
}
Event: 14.658 GC heap after
{Heap after GC invocations=46 (full 0):
 garbage-first heap   total 158720K, used 89799K [0x0000000080000000, 0x0000000100000000)
  region size 1024K, 1 young (1024K), 1 survivors (1024K)
 Metaspace       used 92518K, committed 93184K, reserved 1179648K
  class space    used 12832K, committed 13184K, reserved 1048576K
}
Event: 14.963 GC heap before
{Heap before GC invocations=46 (full 0):
 garbage-first heap   total 158720K, used 119495K [0x0000000080000000, 0x0000000100000000)
  region size 1024K, 32 young (32768K), 1 survivors (1024K)
 Metaspace       used 93168K, committed 93824K, reserved 1179648K
  class space    used 12923K, committed 13248K, reserved 1048576K
}

