# JRE version: OpenJDK Runtime Environment (17.0.7) (build 17.0.7+0-b2043.56-10550314)
# Java VM: OpenJDK 64-Bit Server VM (17.0.7+0-b2043.56-10550314, mixed mode, tiered, compressed oops, compressed class ptrs, g1 gc, windows-amd64)
GC Precious Log:
 CPUs: 8 total, 8 available
 Memory: 16130M
 Large Page Support: Disabled
 NUMA Support: Disabled
 Compressed Oops: Enabled (32-bit)
 Heap Region Size: 1M
 Heap Min Capacity: 8M
 Heap Initial Capacity: 254M
 Heap Max Capacity: 2G
 Pre-touch: Disabled
 Parallel Workers: 8
 Concurrent Workers: 2
 Concurrent Refinement Workers: 8
 Periodic GC: Disabled
Heap:
 garbage-first heap   total 319488K, used 156056K [0x0000000080000000, 0x0000000100000000)
  region size 1024K, 8 young (8192K), 8 survivors (8192K)
 Metaspace       used 127859K, committed 128768K, reserved 1179648K
  class space    used 17259K, committed 17728K, reserved 1048576K
GC Heap History (20 events):
Event: 144.298 GC heap after
{Heap after GC invocations=55 (full 0):
 garbage-first heap   total 243712K, used 168664K [0x0000000080000000, 0x0000000100000000)
  region size 1024K, 2 young (2048K), 2 survivors (2048K)
 Metaspace       used 126943K, committed 127808K, reserved 1179648K
  class space    used 17208K, committed 17664K, reserved 1048576K
}
Event: 155.838 GC heap before
{Heap before GC invocations=55 (full 0):
 garbage-first heap   total 243712K, used 203480K [0x0000000080000000, 0x0000000100000000)
  region size 1024K, 37 young (37888K), 2 survivors (2048K)
 Metaspace       used 127210K, committed 128064K, reserved 1179648K
  class space    used 17225K, committed 17664K, reserved 1048576K
}
Event: 155.841 GC heap after
{Heap after GC invocations=56 (full 0):
 garbage-first heap   total 243712K, used 168901K [0x0000000080000000, 0x0000000100000000)
  region size 1024K, 2 young (2048K), 2 survivors (2048K)
 Metaspace       used 127210K, committed 128064K, reserved 1179648K
  class space    used 17225K, committed 17664K, reserved 1048576K
}
Event: 156.218 GC heap before
{Heap before GC invocations=56 (full 0):
 garbage-first heap   total 243712K, used 205765K [0x0000000080000000, 0x0000000100000000)
  region size 1024K, 39 young (39936K), 2 survivors (2048K)
 Metaspace       used 127375K, committed 128320K, reserved 1179648K
  class space    used 17231K, committed 17664K, reserved 1048576K
}
Event: 156.223 GC heap after
{Heap after GC invocations=57 (full 0):
 garbage-first heap   total 243712K, used 172880K [0x0000000080000000, 0x0000000100000000)
  region size 1024K, 5 young (5120K), 5 survivors (5120K)
 Metaspace       used 127375K, committed 128320K, reserved 1179648K
  class space    used 17231K, committed 17664K, reserved 1048576K
}
Event: 156.955 GC heap before
{Heap before GC invocations=57 (full 0):
 garbage-first heap   total 243712K, used 206672K [0x0000000080000000, 0x0000000100000000)
  region size 1024K, 39 young (39936K), 5 survivors (5120K)
 Metaspace       used 127533K, committed 128448K, reserved 1179648K
  class space    used 17245K, committed 17728K, reserved 1048576K
}
Event: 156.963 GC heap after
{Heap after GC invocations=58 (full 0):
 garbage-first heap   total 243712K, used 179934K [0x0000000080000000, 0x0000000100000000)
  region size 1024K, 5 young (5120K), 5 survivors (5120K)
 Metaspace       used 127533K, committed 128448K, reserved 1179648K
  class space    used 17245K, committed 17728K, reserved 1048576K
}
Event: 157.107 GC heap before
{Heap before GC invocations=58 (full 0):
 garbage-first heap   total 243712K, used 214750K [0x0000000080000000, 0x0000000100000000)
  region size 1024K, 31 young (31744K), 5 survivors (5120K)
 Metaspace       used 127541K, committed 128448K, reserved 1179648K
  class space    used 17245K, committed 17728K, reserved 1048576K
}
Event: 157.116 GC heap after
{Heap after GC invocations=59 (full 0):
 garbage-first heap   total 243712K, used 197096K [0x0000000080000000, 0x0000000100000000)
  region size 1024K, 4 young (4096K), 4 survivors (4096K)
 Metaspace       used 127541K, committed 128448K, reserved 1179648K
  class space    used 17245K, committed 17728K, reserved 1048576K
}
Event: 157.169 GC heap before
{Heap before GC invocations=59 (full 0):
 garbage-first heap   total 243712K, used 207336K [0x0000000080000000, 0x0000000100000000)
  region size 1024K, 15 young (15360K), 4 survivors (4096K)
 Metaspace       used 127546K, committed 128448K, reserved 1179648K
  class space    used 17245K, committed 17728K, reserved 1048576K
}
Event: 157.174 GC heap after
{Heap after GC invocations=60 (full 0):
 garbage-first heap   total 243712K, used 201026K [0x0000000080000000, 0x0000000100000000)
  region size 1024K, 2 young (2048K), 2 survivors (2048K)
 Metaspace       used 127546K, committed 128448K, reserved 1179648K
  class space    used 17245K, committed 17728K, reserved 1048576K
}
Event: 157.352 GC heap before
{Heap before GC invocations=60 (full 0):
 garbage-first heap   total 319488K, used 190786K [0x0000000080000000, 0x0000000100000000)
  region size 1024K, 11 young (11264K), 2 survivors (2048K)
 Metaspace       used 127550K, committed 128448K, reserved 1179648K
  class space    used 17245K, committed 17728K, reserved 1048576K
}
Event: 157.356 GC heap after
{Heap after GC invocations=61 (full 0):
 garbage-first heap   total 319488K, used 177127K [0x0000000080000000, 0x0000000100000000)
  region size 1024K, 2 young (2048K), 2 survivors (2048K)
 Metaspace       used 127550K, committed 128448K, reserved 1179648K
  class space    used 17245K, committed 17728K, reserved 1048576K
}
Event: 157.976 GC heap before
{Heap before GC invocations=62 (full 0):
 garbage-first heap   total 319488K, used 253927K [0x0000000080000000, 0x0000000100000000)
  region size 1024K, 60 young (61440K), 2 survivors (2048K)
 Metaspace       used 127625K, committed 128576K, reserved 1179648K
  class space    used 17245K, committed 17728K, reserved 1048576K
}
Event: 157.985 GC heap after
{Heap after GC invocations=63 (full 0):
 garbage-first heap   total 319488K, used 184399K [0x0000000080000000, 0x0000000100000000)
  region size 1024K, 8 young (8192K), 8 survivors (8192K)
 Metaspace       used 127625K, committed 128576K, reserved 1179648K
  class space    used 17245K, committed 17728K, reserved 1048576K
}
Event: 157.998 GC heap before
{Heap before GC invocations=63 (full 0):
 garbage-first heap   total 319488K, used 191567K [0x0000000080000000, 0x0000000100000000)
  region size 1024K, 15 young (15360K), 8 survivors (8192K)
 Metaspace       used 127625K, committed 128576K, reserved 1179648K
  class space    used 17245K, committed 17728K, reserved 1048576K
}
Event: 158.006 GC heap after
{Heap after GC invocations=64 (full 0):
 garbage-first heap   total 319488K, used 155568K [0x0000000080000000, 0x0000000100000000)
  region size 1024K, 2 young (2048K), 2 survivors (2048K)
 Metaspace       used 127625K, committed 128576K, reserved 1179648K
  class space    used 17245K, committed 17728K, reserved 1048576K
}
Event: 158.052 GC heap before
{Heap before GC invocations=64 (full 0):
 garbage-first heap   total 319488K, used 167856K [0x0000000080000000, 0x0000000100000000)
  region size 1024K, 15 young (15360K), 2 survivors (2048K)
 Metaspace       used 127638K, committed 128576K, reserved 1179648K
  class space    used 17246K, committed 17728K, reserved 1048576K
}
Event: 158.062 GC heap after
{Heap after GC invocations=65 (full 0):
 garbage-first heap   total 319488K, used 149906K [0x0000000080000000, 0x0000000100000000)
  region size 1024K, 2 young (2048K), 2 survivors (2048K)
 Metaspace       used 127638K, committed 128576K, reserved 1179648K
  class space    used 17246K, committed 17728K, reserved 1048576K
}
Event: 158.535 GC heap before
{Heap before GC invocations=65 (full 0):
 garbage-first heap   total 319488K, used 228754K [0x0000000080000000, 0x0000000100000000)
  region size 1024K, 80 young (81920K), 2 survivors (2048K)
 Metaspace       used 127859K, committed 128768K, reserved 1179648K
  class space    used 17259K, committed 17728K, reserved 1048576K
}

