# JRE version: OpenJDK Runtime Environment (17.0.7) (build 17.0.7+0-b2043.56-10550314)
# Java VM: OpenJDK 64-Bit Server VM (17.0.7+0-b2043.56-10550314, mixed mode, tiered, compressed oops, compressed class ptrs, g1 gc, windows-amd64)
GC Precious Log:
 CPUs: 8 total, 8 available
 Memory: 16130M
 Large Page Support: Disabled
 NUMA Support: Disabled
 Compressed Oops: Enabled (32-bit)
 Heap Region Size: 1M
 Heap Min Capacity: 8M
 Heap Initial Capacity: 254M
 Heap Max Capacity: 2G
 Pre-touch: Disabled
 Parallel Workers: 8
 Concurrent Workers: 2
 Concurrent Refinement Workers: 8
 Periodic GC: Disabled
Heap:
 garbage-first heap   total 339968K, used 140370K [0x0000000080000000, 0x0000000100000000)
  region size 1024K, 28 young (28672K), 13 survivors (13312K)
 Metaspace       used 101383K, committed 102080K, reserved 1179648K
  class space    used 13626K, committed 13952K, reserved 1048576K
GC Heap History (20 events):
Event: 13.918 GC heap before
{Heap before GC invocations=23 (full 0):
 garbage-first heap   total 141312K, used 114744K [0x0000000080000000, 0x0000000100000000)
  region size 1024K, 52 young (53248K), 5 survivors (5120K)
 Metaspace       used 87991K, committed 88640K, reserved 1179648K
  class space    used 12127K, committed 12480K, reserved 1048576K
}
Event: 13.923 GC heap after
{Heap after GC invocations=24 (full 0):
 garbage-first heap   total 141312K, used 69247K [0x0000000080000000, 0x0000000100000000)
  region size 1024K, 6 young (6144K), 6 survivors (6144K)
 Metaspace       used 87991K, committed 88640K, reserved 1179648K
  class space    used 12127K, committed 12480K, reserved 1048576K
}
Event: 14.482 GC heap before
{Heap before GC invocations=24 (full 0):
 garbage-first heap   total 141312K, used 115327K [0x0000000080000000, 0x0000000100000000)
  region size 1024K, 51 young (52224K), 6 survivors (6144K)
 Metaspace       used 89963K, committed 90624K, reserved 1179648K
  class space    used 12397K, committed 12736K, reserved 1048576K
}
Event: 14.491 GC heap after
{Heap after GC invocations=25 (full 0):
 garbage-first heap   total 141312K, used 73871K [0x0000000080000000, 0x0000000100000000)
  region size 1024K, 7 young (7168K), 7 survivors (7168K)
 Metaspace       used 89963K, committed 90624K, reserved 1179648K
  class space    used 12397K, committed 12736K, reserved 1048576K
}
Event: 15.056 GC heap before
{Heap before GC invocations=26 (full 0):
 garbage-first heap   total 141312K, used 115855K [0x0000000080000000, 0x0000000100000000)
  region size 1024K, 48 young (49152K), 7 survivors (7168K)
 Metaspace       used 91365K, committed 92032K, reserved 1179648K
  class space    used 12657K, committed 12992K, reserved 1048576K
}
Event: 15.069 GC heap after
{Heap after GC invocations=27 (full 0):
 garbage-first heap   total 169984K, used 80112K [0x0000000080000000, 0x0000000100000000)
  region size 1024K, 6 young (6144K), 6 survivors (6144K)
 Metaspace       used 91365K, committed 92032K, reserved 1179648K
  class space    used 12657K, committed 12992K, reserved 1048576K
}
Event: 15.136 GC heap before
{Heap before GC invocations=27 (full 0):
 garbage-first heap   total 169984K, used 82160K [0x0000000080000000, 0x0000000100000000)
  region size 1024K, 8 young (8192K), 6 survivors (6144K)
 Metaspace       used 91443K, committed 92096K, reserved 1179648K
  class space    used 12661K, committed 12992K, reserved 1048576K
}
Event: 15.147 GC heap after
{Heap after GC invocations=28 (full 0):
 garbage-first heap   total 169984K, used 80847K [0x0000000080000000, 0x0000000100000000)
  region size 1024K, 1 young (1024K), 1 survivors (1024K)
 Metaspace       used 91443K, committed 92096K, reserved 1179648K
  class space    used 12661K, committed 12992K, reserved 1048576K
}
Event: 15.839 GC heap before
{Heap before GC invocations=28 (full 0):
 garbage-first heap   total 169984K, used 136143K [0x0000000080000000, 0x0000000100000000)
  region size 1024K, 56 young (57344K), 1 survivors (1024K)
 Metaspace       used 92149K, committed 92800K, reserved 1179648K
  class space    used 12786K, committed 13120K, reserved 1048576K
}
Event: 15.845 GC heap after
{Heap after GC invocations=29 (full 0):
 garbage-first heap   total 169984K, used 86338K [0x0000000080000000, 0x0000000100000000)
  region size 1024K, 7 young (7168K), 7 survivors (7168K)
 Metaspace       used 92149K, committed 92800K, reserved 1179648K
  class space    used 12786K, committed 13120K, reserved 1048576K
}
Event: 17.172 GC heap before
{Heap before GC invocations=30 (full 0):
 garbage-first heap   total 169984K, used 140610K [0x0000000080000000, 0x0000000100000000)
  region size 1024K, 56 young (57344K), 7 survivors (7168K)
 Metaspace       used 95790K, committed 96448K, reserved 1179648K
  class space    used 13151K, committed 13504K, reserved 1048576K
}
Event: 17.182 GC heap after
{Heap after GC invocations=31 (full 0):
 garbage-first heap   total 169984K, used 92740K [0x0000000080000000, 0x0000000100000000)
  region size 1024K, 7 young (7168K), 7 survivors (7168K)
 Metaspace       used 95790K, committed 96448K, reserved 1179648K
  class space    used 13151K, committed 13504K, reserved 1048576K
}
Event: 17.206 GC heap before
{Heap before GC invocations=31 (full 0):
 garbage-first heap   total 169984K, used 93764K [0x0000000080000000, 0x0000000100000000)
  region size 1024K, 8 young (8192K), 7 survivors (7168K)
 Metaspace       used 95795K, committed 96448K, reserved 1179648K
  class space    used 13151K, committed 13504K, reserved 1048576K
}
Event: 17.213 GC heap after
{Heap after GC invocations=32 (full 0):
 garbage-first heap   total 169984K, used 92790K [0x0000000080000000, 0x0000000100000000)
  region size 1024K, 1 young (1024K), 1 survivors (1024K)
 Metaspace       used 95795K, committed 96448K, reserved 1179648K
  class space    used 13151K, committed 13504K, reserved 1048576K
}
Event: 17.964 GC heap before
{Heap before GC invocations=32 (full 0):
 garbage-first heap   total 169984K, used 145014K [0x0000000080000000, 0x0000000100000000)
  region size 1024K, 44 young (45056K), 1 survivors (1024K)
 Metaspace       used 96398K, committed 97088K, reserved 1179648K
  class space    used 13201K, committed 13504K, reserved 1048576K
}
Event: 17.978 GC heap after
{Heap after GC invocations=33 (full 0):
 garbage-first heap   total 169984K, used 112540K [0x0000000080000000, 0x0000000100000000)
  region size 1024K, 6 young (6144K), 6 survivors (6144K)
 Metaspace       used 96398K, committed 97088K, reserved 1179648K
  class space    used 13201K, committed 13504K, reserved 1048576K
}
Event: 18.557 GC heap before
{Heap before GC invocations=33 (full 0):
 garbage-first heap   total 169984K, used 144284K [0x0000000080000000, 0x0000000100000000)
  region size 1024K, 30 young (30720K), 6 survivors (6144K)
 Metaspace       used 96660K, committed 97344K, reserved 1179648K
  class space    used 13220K, committed 13504K, reserved 1048576K
}
Event: 18.568 GC heap after
{Heap after GC invocations=34 (full 0):
 garbage-first heap   total 339968K, used 117256K [0x0000000080000000, 0x0000000100000000)
  region size 1024K, 4 young (4096K), 4 survivors (4096K)
 Metaspace       used 96660K, committed 97344K, reserved 1179648K
  class space    used 13220K, committed 13504K, reserved 1048576K
}
Event: 19.756 GC heap before
{Heap before GC invocations=34 (full 0):
 garbage-first heap   total 339968K, used 257544K [0x0000000080000000, 0x0000000100000000)
  region size 1024K, 125 young (128000K), 4 survivors (4096K)
 Metaspace       used 101138K, committed 101888K, reserved 1179648K
  class space    used 13603K, committed 13952K, reserved 1048576K
}
Event: 19.768 GC heap after
{Heap after GC invocations=35 (full 0):
 garbage-first heap   total 339968K, used 126034K [0x0000000080000000, 0x0000000100000000)
  region size 1024K, 13 young (13312K), 13 survivors (13312K)
 Metaspace       used 101138K, committed 101888K, reserved 1179648K
  class space    used 13603K, committed 13952K, reserved 1048576K
}

