# JRE version: OpenJDK Runtime Environment (17.0.7) (build 17.0.7+0-b2043.56-10550314)
# Java VM: OpenJDK 64-Bit Server VM (17.0.7+0-b2043.56-10550314, mixed mode, tiered, compressed oops, compressed class ptrs, g1 gc, windows-amd64)
GC Precious Log:
 CPUs: 8 total, 8 available
 Memory: 16130M
 Large Page Support: Disabled
 NUMA Support: Disabled
 Compressed Oops: Enabled (32-bit)
 Heap Region Size: 1M
 Heap Min Capacity: 8M
 Heap Initial Capacity: 254M
 Heap Max Capacity: 2G
 Pre-touch: Disabled
 Parallel Workers: 8
 Concurrent Workers: 2
 Concurrent Refinement Workers: 8
 Periodic GC: Disabled
Heap:
 garbage-first heap   total 260096K, used 119738K [0x0000000080000000, 0x0000000100000000)
  region size 1024K, 6 young (6144K), 6 survivors (6144K)
 Metaspace       used 97131K, committed 97792K, reserved 1179648K
  class space    used 13343K, committed 13632K, reserved 1048576K
GC Heap History (20 events):
Event: 11.411 GC heap after
{Heap after GC invocations=20 (full 0):
 garbage-first heap   total 177152K, used 65666K [0x0000000080000000, 0x0000000100000000)
  region size 1024K, 4 young (4096K), 4 survivors (4096K)
 Metaspace       used 81154K, committed 81728K, reserved 1179648K
  class space    used 11139K, committed 11456K, reserved 1048576K
}
Event: 12.566 GC heap before
{Heap before GC invocations=20 (full 0):
 garbage-first heap   total 177152K, used 141442K [0x0000000080000000, 0x0000000100000000)
  region size 1024K, 78 young (79872K), 4 survivors (4096K)
 Metaspace       used 88406K, committed 89024K, reserved 1179648K
  class space    used 12205K, committed 12544K, reserved 1048576K
}
Event: 12.573 GC heap after
{Heap after GC invocations=21 (full 0):
 garbage-first heap   total 177152K, used 69882K [0x0000000080000000, 0x0000000100000000)
  region size 1024K, 8 young (8192K), 8 survivors (8192K)
 Metaspace       used 88406K, committed 89024K, reserved 1179648K
  class space    used 12205K, committed 12544K, reserved 1048576K
}
Event: 13.407 GC heap before
{Heap before GC invocations=21 (full 0):
 garbage-first heap   total 177152K, used 142586K [0x0000000080000000, 0x0000000100000000)
  region size 1024K, 79 young (80896K), 8 survivors (8192K)
 Metaspace       used 90800K, committed 91520K, reserved 1179648K
  class space    used 12579K, committed 12928K, reserved 1048576K
}
Event: 13.419 GC heap after
{Heap after GC invocations=22 (full 0):
 garbage-first heap   total 177152K, used 78590K [0x0000000080000000, 0x0000000100000000)
  region size 1024K, 10 young (10240K), 10 survivors (10240K)
 Metaspace       used 90800K, committed 91520K, reserved 1179648K
  class space    used 12579K, committed 12928K, reserved 1048576K
}
Event: 14.108 GC heap before
{Heap before GC invocations=22 (full 0):
 garbage-first heap   total 177152K, used 140030K [0x0000000080000000, 0x0000000100000000)
  region size 1024K, 71 young (72704K), 10 survivors (10240K)
 Metaspace       used 92290K, committed 92992K, reserved 1179648K
  class space    used 12848K, committed 13184K, reserved 1048576K
}
Event: 14.125 GC heap after
{Heap after GC invocations=23 (full 0):
 garbage-first heap   total 177152K, used 86912K [0x0000000080000000, 0x0000000100000000)
  region size 1024K, 8 young (8192K), 8 survivors (8192K)
 Metaspace       used 92290K, committed 92992K, reserved 1179648K
  class space    used 12848K, committed 13184K, reserved 1048576K
}
Event: 14.138 GC heap before
{Heap before GC invocations=23 (full 0):
 garbage-first heap   total 177152K, used 86912K [0x0000000080000000, 0x0000000100000000)
  region size 1024K, 10 young (10240K), 8 survivors (8192K)
 Metaspace       used 92361K, committed 93056K, reserved 1179648K
  class space    used 12860K, committed 13184K, reserved 1048576K
}
Event: 14.144 GC heap after
{Heap after GC invocations=24 (full 0):
 garbage-first heap   total 177152K, used 88414K [0x0000000080000000, 0x0000000100000000)
  region size 1024K, 2 young (2048K), 2 survivors (2048K)
 Metaspace       used 92361K, committed 93056K, reserved 1179648K
  class space    used 12860K, committed 13184K, reserved 1048576K
}
Event: 14.980 GC heap before
{Heap before GC invocations=25 (full 0):
 garbage-first heap   total 177152K, used 149854K [0x0000000080000000, 0x0000000100000000)
  region size 1024K, 56 young (57344K), 2 survivors (2048K)
 Metaspace       used 96016K, committed 96640K, reserved 1179648K
  class space    used 13273K, committed 13568K, reserved 1048576K
}
Event: 14.994 GC heap after
{Heap after GC invocations=26 (full 0):
 garbage-first heap   total 177152K, used 105651K [0x0000000080000000, 0x0000000100000000)
  region size 1024K, 7 young (7168K), 7 survivors (7168K)
 Metaspace       used 96016K, committed 96640K, reserved 1179648K
  class space    used 13273K, committed 13568K, reserved 1048576K
}
Event: 15.014 GC heap before
{Heap before GC invocations=26 (full 0):
 garbage-first heap   total 177152K, used 106675K [0x0000000080000000, 0x0000000100000000)
  region size 1024K, 8 young (8192K), 7 survivors (7168K)
 Metaspace       used 96051K, committed 96704K, reserved 1179648K
  class space    used 13277K, committed 13632K, reserved 1048576K
}
Event: 15.022 GC heap after
{Heap after GC invocations=27 (full 0):
 garbage-first heap   total 177152K, used 105398K [0x0000000080000000, 0x0000000100000000)
  region size 1024K, 1 young (1024K), 1 survivors (1024K)
 Metaspace       used 96051K, committed 96704K, reserved 1179648K
  class space    used 13277K, committed 13632K, reserved 1048576K
}
Event: 15.392 GC heap before
{Heap before GC invocations=27 (full 0):
 garbage-first heap   total 177152K, used 118710K [0x0000000080000000, 0x0000000100000000)
  region size 1024K, 16 young (16384K), 1 survivors (1024K)
 Metaspace       used 96180K, committed 96896K, reserved 1179648K
  class space    used 13283K, committed 13632K, reserved 1048576K
}
Event: 15.401 GC heap after
{Heap after GC invocations=28 (full 0):
 garbage-first heap   total 177152K, used 113664K [0x0000000080000000, 0x0000000100000000)
  region size 1024K, 4 young (4096K), 4 survivors (4096K)
 Metaspace       used 96180K, committed 96896K, reserved 1179648K
  class space    used 13283K, committed 13632K, reserved 1048576K
}
Event: 15.871 GC heap before
{Heap before GC invocations=29 (full 0):
 garbage-first heap   total 224256K, used 150528K [0x0000000080000000, 0x0000000100000000)
  region size 1024K, 24 young (24576K), 4 survivors (4096K)
 Metaspace       used 96472K, committed 97152K, reserved 1179648K
  class space    used 13301K, committed 13632K, reserved 1048576K
}
Event: 15.878 GC heap after
{Heap after GC invocations=30 (full 0):
 garbage-first heap   total 224256K, used 115940K [0x0000000080000000, 0x0000000100000000)
  region size 1024K, 3 young (3072K), 3 survivors (3072K)
 Metaspace       used 96472K, committed 97152K, reserved 1179648K
  class space    used 13301K, committed 13632K, reserved 1048576K
}
Event: 15.914 GC heap before
{Heap before GC invocations=30 (full 0):
 garbage-first heap   total 224256K, used 123108K [0x0000000080000000, 0x0000000100000000)
  region size 1024K, 10 young (10240K), 3 survivors (3072K)
 Metaspace       used 96524K, committed 97152K, reserved 1179648K
  class space    used 13305K, committed 13632K, reserved 1048576K
}
Event: 15.919 GC heap after
{Heap after GC invocations=31 (full 0):
 garbage-first heap   total 224256K, used 115352K [0x0000000080000000, 0x0000000100000000)
  region size 1024K, 2 young (2048K), 2 survivors (2048K)
 Metaspace       used 96524K, committed 97152K, reserved 1179648K
  class space    used 13305K, committed 13632K, reserved 1048576K
}
Event: 16.515 GC heap before
{Heap before GC invocations=31 (full 0):
 garbage-first heap   total 224256K, used 174744K [0x0000000080000000, 0x0000000100000000)
  region size 1024K, 61 young (62464K), 2 survivors (2048K)
 Metaspace       used 97131K, committed 97792K, reserved 1179648K
  class space    used 13343K, committed 13632K, reserved 1048576K
}

