# JRE version: OpenJDK Runtime Environment (17.0.7) (build 17.0.7+0-b2043.56-10550314)
# Java VM: OpenJDK 64-Bit Server VM (17.0.7+0-b2043.56-10550314, mixed mode, tiered, compressed oops, compressed class ptrs, g1 gc, windows-amd64)
GC Precious Log:
 CPUs: 8 total, 8 available
 Memory: 16130M
 Large Page Support: Disabled
 NUMA Support: Disabled
 Compressed Oops: Enabled (32-bit)
 Heap Region Size: 1M
 Heap Min Capacity: 8M
 Heap Initial Capacity: 254M
 Heap Max Capacity: 2G
 Pre-touch: Disabled
 Parallel Workers: 8
 Concurrent Workers: 2
 Concurrent Refinement Workers: 8
 Periodic GC: Disabled
Heap:
 garbage-first heap   total 268288K, used 137820K [0x0000000080000000, 0x0000000100000000)
  region size 1024K, 7 young (7168K), 7 survivors (7168K)
 Metaspace       used 102135K, committed 102848K, reserved 1179648K
  class space    used 13694K, committed 14016K, reserved 1048576K
GC Heap History (20 events):
Event: 11.485 GC heap after
{Heap after GC invocations=38 (full 0):
 garbage-first heap   total 110592K, used 63120K [0x0000000080000000, 0x0000000100000000)
  region size 1024K, 1 young (1024K), 1 survivors (1024K)
 Metaspace       used 76486K, committed 77120K, reserved 1179648K
  class space    used 10289K, committed 10624K, reserved 1048576K
}
Event: 11.807 GC heap before
{Heap before GC invocations=38 (full 0):
 garbage-first heap   total 110592K, used 90768K [0x0000000080000000, 0x0000000100000000)
  region size 1024K, 28 young (28672K), 1 survivors (1024K)
 Metaspace       used 78770K, committed 79424K, reserved 1179648K
  class space    used 10784K, committed 11136K, reserved 1048576K
}
Event: 11.810 GC heap after
{Heap after GC invocations=39 (full 0):
 garbage-first heap   total 209920K, used 63715K [0x0000000080000000, 0x0000000100000000)
  region size 1024K, 1 young (1024K), 1 survivors (1024K)
 Metaspace       used 78770K, committed 79424K, reserved 1179648K
  class space    used 10784K, committed 11136K, reserved 1048576K
}
Event: 13.929 GC heap before
{Heap before GC invocations=40 (full 0):
 garbage-first heap   total 209920K, used 166115K [0x0000000080000000, 0x0000000100000000)
  region size 1024K, 101 young (103424K), 1 survivors (1024K)
 Metaspace       used 88143K, committed 88768K, reserved 1179648K
  class space    used 12170K, committed 12480K, reserved 1048576K
}
Event: 13.935 GC heap after
{Heap after GC invocations=41 (full 0):
 garbage-first heap   total 209920K, used 69163K [0x0000000080000000, 0x0000000100000000)
  region size 1024K, 7 young (7168K), 7 survivors (7168K)
 Metaspace       used 88143K, committed 88768K, reserved 1179648K
  class space    used 12170K, committed 12480K, reserved 1048576K
}
Event: 13.970 GC heap before
{Heap before GC invocations=41 (full 0):
 garbage-first heap   total 209920K, used 71211K [0x0000000080000000, 0x0000000100000000)
  region size 1024K, 10 young (10240K), 7 survivors (7168K)
 Metaspace       used 88319K, committed 88896K, reserved 1179648K
  class space    used 12191K, committed 12480K, reserved 1048576K
}
Event: 13.977 GC heap after
{Heap after GC invocations=42 (full 0):
 garbage-first heap   total 209920K, used 69425K [0x0000000080000000, 0x0000000100000000)
  region size 1024K, 1 young (1024K), 1 survivors (1024K)
 Metaspace       used 88319K, committed 88896K, reserved 1179648K
  class space    used 12191K, committed 12480K, reserved 1048576K
}
Event: 15.952 GC heap before
{Heap before GC invocations=42 (full 0):
 garbage-first heap   total 209920K, used 165681K [0x0000000080000000, 0x0000000100000000)
  region size 1024K, 95 young (97280K), 1 survivors (1024K)
 Metaspace       used 91976K, committed 92672K, reserved 1179648K
  class space    used 12793K, committed 13120K, reserved 1048576K
}
Event: 15.967 GC heap after
{Heap after GC invocations=43 (full 0):
 garbage-first heap   total 209920K, used 81825K [0x0000000080000000, 0x0000000100000000)
  region size 1024K, 12 young (12288K), 12 survivors (12288K)
 Metaspace       used 91976K, committed 92672K, reserved 1179648K
  class space    used 12793K, committed 13120K, reserved 1048576K
}
Event: 18.421 GC heap before
{Heap before GC invocations=43 (full 0):
 garbage-first heap   total 209920K, used 168865K [0x0000000080000000, 0x0000000100000000)
  region size 1024K, 93 young (95232K), 12 survivors (12288K)
 Metaspace       used 95674K, committed 96384K, reserved 1179648K
  class space    used 13163K, committed 13504K, reserved 1048576K
}
Event: 18.436 GC heap after
{Heap after GC invocations=44 (full 0):
 garbage-first heap   total 209920K, used 88217K [0x0000000080000000, 0x0000000100000000)
  region size 1024K, 7 young (7168K), 7 survivors (7168K)
 Metaspace       used 95674K, committed 96384K, reserved 1179648K
  class space    used 13163K, committed 13504K, reserved 1048576K
}
Event: 20.069 GC heap before
{Heap before GC invocations=44 (full 0):
 garbage-first heap   total 209920K, used 183449K [0x0000000080000000, 0x0000000100000000)
  region size 1024K, 84 young (86016K), 7 survivors (7168K)
 Metaspace       used 96656K, committed 97472K, reserved 1179648K
  class space    used 13226K, committed 13632K, reserved 1048576K
}
Event: 20.090 GC heap after
{Heap after GC invocations=45 (full 0):
 garbage-first heap   total 218112K, used 116154K [0x0000000080000000, 0x0000000100000000)
  region size 1024K, 11 young (11264K), 11 survivors (11264K)
 Metaspace       used 96656K, committed 97472K, reserved 1179648K
  class space    used 13226K, committed 13632K, reserved 1048576K
}
Event: 20.783 GC heap before
{Heap before GC invocations=45 (full 0):
 garbage-first heap   total 218112K, used 186810K [0x0000000080000000, 0x0000000100000000)
  region size 1024K, 64 young (65536K), 11 survivors (11264K)
 Metaspace       used 97821K, committed 98560K, reserved 1179648K
  class space    used 13345K, committed 13696K, reserved 1048576K
}
Event: 20.797 GC heap after
{Heap after GC invocations=46 (full 0):
 garbage-first heap   total 218112K, used 123904K [0x0000000080000000, 0x0000000100000000)
  region size 1024K, 6 young (6144K), 6 survivors (6144K)
 Metaspace       used 97821K, committed 98560K, reserved 1179648K
  class space    used 13345K, committed 13696K, reserved 1048576K
}
Event: 21.293 GC heap before
{Heap before GC invocations=46 (full 0):
 garbage-first heap   total 218112K, used 174080K [0x0000000080000000, 0x0000000100000000)
  region size 1024K, 56 young (57344K), 6 survivors (6144K)
 Metaspace       used 100825K, committed 101504K, reserved 1179648K
  class space    used 13597K, committed 13952K, reserved 1048576K
}
Event: 21.302 GC heap after
{Heap after GC invocations=47 (full 0):
 garbage-first heap   total 218112K, used 128925K [0x0000000080000000, 0x0000000100000000)
  region size 1024K, 5 young (5120K), 5 survivors (5120K)
 Metaspace       used 100825K, committed 101504K, reserved 1179648K
  class space    used 13597K, committed 13952K, reserved 1048576K
}
Event: 21.640 GC heap before
{Heap before GC invocations=47 (full 0):
 garbage-first heap   total 218112K, used 177053K [0x0000000080000000, 0x0000000100000000)
  region size 1024K, 53 young (54272K), 5 survivors (5120K)
 Metaspace       used 101428K, committed 102208K, reserved 1179648K
  class space    used 13636K, committed 14016K, reserved 1048576K
}
Event: 21.647 GC heap after
{Heap after GC invocations=48 (full 0):
 garbage-first heap   total 218112K, used 131089K [0x0000000080000000, 0x0000000100000000)
  region size 1024K, 3 young (3072K), 3 survivors (3072K)
 Metaspace       used 101428K, committed 102208K, reserved 1179648K
  class space    used 13636K, committed 14016K, reserved 1048576K
}
Event: 21.938 GC heap before
{Heap before GC invocations=48 (full 0):
 garbage-first heap   total 218112K, used 178193K [0x0000000080000000, 0x0000000100000000)
  region size 1024K, 50 young (51200K), 3 survivors (3072K)
 Metaspace       used 102135K, committed 102848K, reserved 1179648K
  class space    used 13694K, committed 14016K, reserved 1048576K
}

