# JRE version: OpenJDK Runtime Environment (17.0.7) (build 17.0.7+0-b2043.56-10550314)
# Java VM: OpenJDK 64-Bit Server VM (17.0.7+0-b2043.56-10550314, mixed mode, tiered, compressed oops, compressed class ptrs, g1 gc, windows-amd64)
GC Precious Log:
 CPUs: 8 total, 8 available
 Memory: 16130M
 Large Page Support: Disabled
 NUMA Support: Disabled
 Compressed Oops: Enabled (32-bit)
 Heap Region Size: 1M
 Heap Min Capacity: 8M
 Heap Initial Capacity: 254M
 Heap Max Capacity: 2G
 Pre-touch: Disabled
 Parallel Workers: 8
 Concurrent Workers: 2
 Concurrent Refinement Workers: 8
 Periodic GC: Disabled
Heap:
 garbage-first heap   total 340992K, used 197410K [0x0000000080000000, 0x0000000100000000)
  region size 1024K, 87 young (89088K), 7 survivors (7168K)
 Metaspace       used 127270K, committed 128128K, reserved 1179648K
  class space    used 18152K, committed 18560K, reserved 1048576K
GC Heap History (20 events):
Event: 13.573 GC heap before
{Heap before GC invocations=33 (full 0):
 garbage-first heap   total 141312K, used 114131K [0x0000000080000000, 0x0000000100000000)
  region size 1024K, 50 young (51200K), 5 survivors (5120K)
 Metaspace       used 88913K, committed 89536K, reserved 1179648K
  class space    used 12274K, committed 12608K, reserved 1048576K
}
Event: 13.580 GC heap after
{Heap after GC invocations=34 (full 0):
 garbage-first heap   total 141312K, used 71159K [0x0000000080000000, 0x0000000100000000)
  region size 1024K, 6 young (6144K), 6 survivors (6144K)
 Metaspace       used 88913K, committed 89536K, reserved 1179648K
  class space    used 12274K, committed 12608K, reserved 1048576K
}
Event: 14.078 GC heap before
{Heap before GC invocations=34 (full 0):
 garbage-first heap   total 141312K, used 115191K [0x0000000080000000, 0x0000000100000000)
  region size 1024K, 49 young (50176K), 6 survivors (6144K)
 Metaspace       used 90011K, committed 90624K, reserved 1179648K
  class space    used 12417K, committed 12736K, reserved 1048576K
}
Event: 14.089 GC heap after
{Heap after GC invocations=35 (full 0):
 garbage-first heap   total 141312K, used 76863K [0x0000000080000000, 0x0000000100000000)
  region size 1024K, 7 young (7168K), 7 survivors (7168K)
 Metaspace       used 90011K, committed 90624K, reserved 1179648K
  class space    used 12417K, committed 12736K, reserved 1048576K
}
Event: 14.744 GC heap before
{Heap before GC invocations=36 (full 0):
 garbage-first heap   total 141312K, used 113727K [0x0000000080000000, 0x0000000100000000)
  region size 1024K, 44 young (45056K), 7 survivors (7168K)
 Metaspace       used 91963K, committed 92672K, reserved 1179648K
  class space    used 12807K, committed 13120K, reserved 1048576K
}
Event: 14.755 GC heap after
{Heap after GC invocations=37 (full 0):
 garbage-first heap   total 141312K, used 82551K [0x0000000080000000, 0x0000000100000000)
  region size 1024K, 6 young (6144K), 6 survivors (6144K)
 Metaspace       used 91963K, committed 92672K, reserved 1179648K
  class space    used 12807K, committed 13120K, reserved 1048576K
}
Event: 14.761 GC heap before
{Heap before GC invocations=37 (full 0):
 garbage-first heap   total 141312K, used 83575K [0x0000000080000000, 0x0000000100000000)
  region size 1024K, 7 young (7168K), 6 survivors (6144K)
 Metaspace       used 91978K, committed 92672K, reserved 1179648K
  class space    used 12811K, committed 13120K, reserved 1048576K
}
Event: 14.767 GC heap after
{Heap after GC invocations=38 (full 0):
 garbage-first heap   total 141312K, used 82944K [0x0000000080000000, 0x0000000100000000)
  region size 1024K, 1 young (1024K), 1 survivors (1024K)
 Metaspace       used 91978K, committed 92672K, reserved 1179648K
  class space    used 12811K, committed 13120K, reserved 1048576K
}
Event: 14.986 GC heap before
{Heap before GC invocations=38 (full 0):
 garbage-first heap   total 141312K, used 115711K [0x0000000080000000, 0x0000000100000000)
  region size 1024K, 33 young (33792K), 1 survivors (1024K)
 Metaspace       used 92088K, committed 92736K, reserved 1179648K
  class space    used 12813K, committed 13120K, reserved 1048576K
}
Event: 14.990 GC heap after
{Heap after GC invocations=39 (full 0):
 garbage-first heap   total 141312K, used 85688K [0x0000000080000000, 0x0000000100000000)
  region size 1024K, 4 young (4096K), 4 survivors (4096K)
 Metaspace       used 92088K, committed 92736K, reserved 1179648K
  class space    used 12813K, committed 13120K, reserved 1048576K
}
Event: 15.641 GC heap before
{Heap before GC invocations=40 (full 0):
 garbage-first heap   total 153600K, used 115384K [0x0000000080000000, 0x0000000100000000)
  region size 1024K, 34 young (34816K), 4 survivors (4096K)
 Metaspace       used 92551K, committed 93248K, reserved 1179648K
  class space    used 12844K, committed 13184K, reserved 1048576K
}
Event: 15.649 GC heap after
{Heap after GC invocations=41 (full 0):
 garbage-first heap   total 153600K, used 88502K [0x0000000080000000, 0x0000000100000000)
  region size 1024K, 4 young (4096K), 4 survivors (4096K)
 Metaspace       used 92551K, committed 93248K, reserved 1179648K
  class space    used 12844K, committed 13184K, reserved 1048576K
}
Event: 15.704 GC heap before
{Heap before GC invocations=41 (full 0):
 garbage-first heap   total 153600K, used 91574K [0x0000000080000000, 0x0000000100000000)
  region size 1024K, 7 young (7168K), 4 survivors (4096K)
 Metaspace       used 92652K, committed 93312K, reserved 1179648K
  class space    used 12857K, committed 13184K, reserved 1048576K
}
Event: 15.709 GC heap after
{Heap after GC invocations=42 (full 0):
 garbage-first heap   total 340992K, used 88012K [0x0000000080000000, 0x0000000100000000)
  region size 1024K, 1 young (1024K), 1 survivors (1024K)
 Metaspace       used 92652K, committed 93312K, reserved 1179648K
  class space    used 12857K, committed 13184K, reserved 1048576K
}
Event: 18.257 GC heap before
{Heap before GC invocations=42 (full 0):
 garbage-first heap   total 340992K, used 266188K [0x0000000080000000, 0x0000000100000000)
  region size 1024K, 169 young (173056K), 1 survivors (1024K)
 Metaspace       used 104196K, committed 104896K, reserved 1179648K
  class space    used 14234K, committed 14592K, reserved 1048576K
}
Event: 18.276 GC heap after
{Heap after GC invocations=43 (full 0):
 garbage-first heap   total 340992K, used 108582K [0x0000000080000000, 0x0000000100000000)
  region size 1024K, 20 young (20480K), 20 survivors (20480K)
 Metaspace       used 104196K, committed 104896K, reserved 1179648K
  class space    used 14234K, committed 14592K, reserved 1048576K
}
Event: 19.892 GC heap before
{Heap before GC invocations=43 (full 0):
 garbage-first heap   total 340992K, used 244774K [0x0000000080000000, 0x0000000100000000)
  region size 1024K, 152 young (155648K), 20 survivors (20480K)
 Metaspace       used 112143K, committed 112896K, reserved 1179648K
  class space    used 15418K, committed 15808K, reserved 1048576K
}
Event: 19.909 GC heap after
{Heap after GC invocations=44 (full 0):
 garbage-first heap   total 340992K, used 110981K [0x0000000080000000, 0x0000000100000000)
  region size 1024K, 13 young (13312K), 13 survivors (13312K)
 Metaspace       used 112143K, committed 112896K, reserved 1179648K
  class space    used 15418K, committed 15808K, reserved 1048576K
}
Event: 21.275 GC heap before
{Heap before GC invocations=44 (full 0):
 garbage-first heap   total 340992K, used 250245K [0x0000000080000000, 0x0000000100000000)
  region size 1024K, 150 young (153600K), 13 survivors (13312K)
 Metaspace       used 124928K, committed 125824K, reserved 1179648K
  class space    used 17772K, committed 18176K, reserved 1048576K
}
Event: 21.291 GC heap after
{Heap after GC invocations=45 (full 0):
 garbage-first heap   total 340992K, used 115490K [0x0000000080000000, 0x0000000100000000)
  region size 1024K, 7 young (7168K), 7 survivors (7168K)
 Metaspace       used 124928K, committed 125824K, reserved 1179648K
  class space    used 17772K, committed 18176K, reserved 1048576K
}

