# JRE version: OpenJDK Runtime Environment (17.0.7) (build 17.0.7+0-b2043.56-10550314)
# Java VM: OpenJDK 64-Bit Server VM (17.0.7+0-b2043.56-10550314, mixed mode, tiered, compressed oops, compressed class ptrs, g1 gc, windows-amd64)
GC Precious Log:
 CPUs: 8 total, 8 available
 Memory: 16130M
 Large Page Support: Disabled
 NUMA Support: Disabled
 Compressed Oops: Enabled (32-bit)
 Heap Region Size: 1M
 Heap Min Capacity: 8M
 Heap Initial Capacity: 254M
 Heap Max Capacity: 2G
 Pre-touch: Disabled
 Parallel Workers: 8
 Concurrent Workers: 2
 Concurrent Refinement Workers: 8
 Periodic GC: Disabled
Heap:
 garbage-first heap   total 260096K, used 134482K [0x0000000080000000, 0x0000000100000000)
  region size 1024K, 4 young (4096K), 4 survivors (4096K)
 Metaspace       used 136078K, committed 136960K, reserved 1179648K
  class space    used 18830K, committed 19264K, reserved 1048576K
GC Heap History (20 events):
Event: 22.869 GC heap after
{Heap after GC invocations=54 (full 0):
 garbage-first heap   total 229376K, used 119172K [0x0000000080000000, 0x0000000100000000)
  region size 1024K, 6 young (6144K), 6 survivors (6144K)
 Metaspace       used 105029K, committed 105728K, reserved 1179648K
  class space    used 14011K, committed 14336K, reserved 1048576K
}
Event: 24.081 GC heap before
{Heap before GC invocations=54 (full 0):
 garbage-first heap   total 229376K, used 182660K [0x0000000080000000, 0x0000000100000000)
  region size 1024K, 69 young (70656K), 6 survivors (6144K)
 Metaspace       used 111036K, committed 111744K, reserved 1179648K
  class space    used 14826K, committed 15168K, reserved 1048576K
}
Event: 24.089 GC heap after
{Heap after GC invocations=55 (full 0):
 garbage-first heap   total 229376K, used 125483K [0x0000000080000000, 0x0000000100000000)
  region size 1024K, 8 young (8192K), 8 survivors (8192K)
 Metaspace       used 111036K, committed 111744K, reserved 1179648K
  class space    used 14826K, committed 15168K, reserved 1048576K
}
Event: 25.360 GC heap before
{Heap before GC invocations=56 (full 0):
 garbage-first heap   total 229376K, used 182827K [0x0000000080000000, 0x0000000100000000)
  region size 1024K, 66 young (67584K), 8 survivors (8192K)
 Metaspace       used 114799K, committed 115520K, reserved 1179648K
  class space    used 15261K, committed 15616K, reserved 1048576K
}
Event: 25.371 GC heap after
{Heap after GC invocations=57 (full 0):
 garbage-first heap   total 229376K, used 133948K [0x0000000080000000, 0x0000000100000000)
  region size 1024K, 9 young (9216K), 9 survivors (9216K)
 Metaspace       used 114799K, committed 115520K, reserved 1179648K
  class space    used 15261K, committed 15616K, reserved 1048576K
}
Event: 25.396 GC heap before
{Heap before GC invocations=57 (full 0):
 garbage-first heap   total 229376K, used 134972K [0x0000000080000000, 0x0000000100000000)
  region size 1024K, 11 young (11264K), 9 survivors (9216K)
 Metaspace       used 114938K, committed 115712K, reserved 1179648K
  class space    used 15271K, committed 15680K, reserved 1048576K
}
Event: 25.403 GC heap after
{Heap after GC invocations=58 (full 0):
 garbage-first heap   total 229376K, used 123927K [0x0000000080000000, 0x0000000100000000)
  region size 1024K, 1 young (1024K), 1 survivors (1024K)
 Metaspace       used 114938K, committed 115712K, reserved 1179648K
  class space    used 15271K, committed 15680K, reserved 1048576K
}
Event: 26.397 GC heap before
{Heap before GC invocations=58 (full 0):
 garbage-first heap   total 229376K, used 181271K [0x0000000080000000, 0x0000000100000000)
  region size 1024K, 58 young (59392K), 1 survivors (1024K)
 Metaspace       used 117554K, committed 118400K, reserved 1179648K
  class space    used 15594K, committed 16000K, reserved 1048576K
}
Event: 26.403 GC heap after
{Heap after GC invocations=59 (full 0):
 garbage-first heap   total 229376K, used 126498K [0x0000000080000000, 0x0000000100000000)
  region size 1024K, 4 young (4096K), 4 survivors (4096K)
 Metaspace       used 117554K, committed 118400K, reserved 1179648K
  class space    used 15594K, committed 16000K, reserved 1048576K
}
Event: 26.433 GC heap before
{Heap before GC invocations=59 (full 0):
 garbage-first heap   total 229376K, used 127522K [0x0000000080000000, 0x0000000100000000)
  region size 1024K, 6 young (6144K), 4 survivors (4096K)
 Metaspace       used 117661K, committed 118464K, reserved 1179648K
  class space    used 15604K, committed 16000K, reserved 1048576K
}
Event: 26.437 GC heap after
{Heap after GC invocations=60 (full 0):
 garbage-first heap   total 229376K, used 126580K [0x0000000080000000, 0x0000000100000000)
  region size 1024K, 4 young (4096K), 4 survivors (4096K)
 Metaspace       used 117661K, committed 118464K, reserved 1179648K
  class space    used 15604K, committed 16000K, reserved 1048576K
}
Event: 27.230 GC heap before
{Heap before GC invocations=61 (full 0):
 garbage-first heap   total 229376K, used 189044K [0x0000000080000000, 0x0000000100000000)
  region size 1024K, 64 young (65536K), 4 survivors (4096K)
 Metaspace       used 123580K, committed 124416K, reserved 1179648K
  class space    used 16543K, committed 16960K, reserved 1048576K
}
Event: 27.242 GC heap after
{Heap after GC invocations=62 (full 0):
 garbage-first heap   total 229376K, used 133202K [0x0000000080000000, 0x0000000100000000)
  region size 1024K, 8 young (8192K), 8 survivors (8192K)
 Metaspace       used 123580K, committed 124416K, reserved 1179648K
  class space    used 16543K, committed 16960K, reserved 1048576K
}
Event: 27.262 GC heap before
{Heap before GC invocations=62 (full 0):
 garbage-first heap   total 229376K, used 136274K [0x0000000080000000, 0x0000000100000000)
  region size 1024K, 11 young (11264K), 8 survivors (8192K)
 Metaspace       used 123656K, committed 124480K, reserved 1179648K
  class space    used 16559K, committed 16960K, reserved 1048576K
}
Event: 27.273 GC heap after
{Heap after GC invocations=63 (full 0):
 garbage-first heap   total 229376K, used 128494K [0x0000000080000000, 0x0000000100000000)
  region size 1024K, 2 young (2048K), 2 survivors (2048K)
 Metaspace       used 123656K, committed 124480K, reserved 1179648K
  class space    used 16559K, committed 16960K, reserved 1048576K
}
Event: 27.887 GC heap before
{Heap before GC invocations=63 (full 0):
 garbage-first heap   total 229376K, used 184814K [0x0000000080000000, 0x0000000100000000)
  region size 1024K, 58 young (59392K), 2 survivors (2048K)
 Metaspace       used 130143K, committed 130944K, reserved 1179648K
  class space    used 17786K, committed 18176K, reserved 1048576K
}
Event: 27.896 GC heap after
{Heap after GC invocations=64 (full 0):
 garbage-first heap   total 229376K, used 131937K [0x0000000080000000, 0x0000000100000000)
  region size 1024K, 6 young (6144K), 6 survivors (6144K)
 Metaspace       used 130143K, committed 130944K, reserved 1179648K
  class space    used 17786K, committed 18176K, reserved 1048576K
}
Event: 28.467 GC heap before
{Heap before GC invocations=64 (full 0):
 garbage-first heap   total 229376K, used 187233K [0x0000000080000000, 0x0000000100000000)
  region size 1024K, 60 young (61440K), 6 survivors (6144K)
 Metaspace       used 134856K, committed 135744K, reserved 1179648K
  class space    used 18639K, committed 19072K, reserved 1048576K
}
Event: 28.477 GC heap after
{Heap after GC invocations=65 (full 0):
 garbage-first heap   total 229376K, used 134832K [0x0000000080000000, 0x0000000100000000)
  region size 1024K, 7 young (7168K), 7 survivors (7168K)
 Metaspace       used 134856K, committed 135744K, reserved 1179648K
  class space    used 18639K, committed 19072K, reserved 1048576K
}
Event: 28.862 GC heap before
{Heap before GC invocations=65 (full 0):
 garbage-first heap   total 229376K, used 169648K [0x0000000080000000, 0x0000000100000000)
  region size 1024K, 43 young (44032K), 7 survivors (7168K)
 Metaspace       used 136078K, committed 136960K, reserved 1179648K
  class space    used 18830K, committed 19264K, reserved 1048576K
}

