# JRE version: OpenJDK Runtime Environment (17.0.7) (build 17.0.7+0-b2043.56-10550314)
# Java VM: OpenJDK 64-Bit Server VM (17.0.7+0-b2043.56-10550314, mixed mode, tiered, compressed oops, compressed class ptrs, g1 gc, windows-amd64)
GC Precious Log:
 CPUs: 8 total, 8 available
 Memory: 16130M
 Large Page Support: Disabled
 NUMA Support: Disabled
 Compressed Oops: Enabled (32-bit)
 Heap Region Size: 1M
 Heap Min Capacity: 8M
 Heap Initial Capacity: 254M
 Heap Max Capacity: 2G
 Pre-touch: Disabled
 Parallel Workers: 8
 Concurrent Workers: 2
 Concurrent Refinement Workers: 8
 Periodic GC: Disabled
Heap:
 garbage-first heap   total 260096K, used 95474K [0x0000000080000000, 0x0000000100000000)
  region size 1024K, 1 young (1024K), 1 survivors (1024K)
 Metaspace       used 94914K, committed 95552K, reserved 1179648K
  class space    used 13062K, committed 13376K, reserved 1048576K
GC Heap History (20 events):
Event: 12.217 GC heap after
{Heap after GC invocations=35 (full 0):
 garbage-first heap   total 148480K, used 63413K [0x0000000080000000, 0x0000000100000000)
  region size 1024K, 7 young (7168K), 7 survivors (7168K)
 Metaspace       used 77110K, committed 77696K, reserved 1179648K
  class space    used 10395K, committed 10688K, reserved 1048576K
}
Event: 12.961 GC heap before
{Heap before GC invocations=35 (full 0):
 garbage-first heap   total 148480K, used 114613K [0x0000000080000000, 0x0000000100000000)
  region size 1024K, 57 young (58368K), 7 survivors (7168K)
 Metaspace       used 81117K, committed 81728K, reserved 1179648K
  class space    used 11119K, committed 11456K, reserved 1048576K
}
Event: 12.966 GC heap after
{Heap after GC invocations=36 (full 0):
 garbage-first heap   total 148480K, used 65411K [0x0000000080000000, 0x0000000100000000)
  region size 1024K, 5 young (5120K), 5 survivors (5120K)
 Metaspace       used 81117K, committed 81728K, reserved 1179648K
  class space    used 11119K, committed 11456K, reserved 1048576K
}
Event: 13.839 GC heap before
{Heap before GC invocations=36 (full 0):
 garbage-first heap   total 148480K, used 118659K [0x0000000080000000, 0x0000000100000000)
  region size 1024K, 57 young (58368K), 5 survivors (5120K)
 Metaspace       used 85869K, committed 86464K, reserved 1179648K
  class space    used 11847K, committed 12160K, reserved 1048576K
}
Event: 13.847 GC heap after
{Heap after GC invocations=37 (full 0):
 garbage-first heap   total 148480K, used 68557K [0x0000000080000000, 0x0000000100000000)
  region size 1024K, 6 young (6144K), 6 survivors (6144K)
 Metaspace       used 85869K, committed 86464K, reserved 1179648K
  class space    used 11847K, committed 12160K, reserved 1048576K
}
Event: 14.725 GC heap before
{Heap before GC invocations=37 (full 0):
 garbage-first heap   total 148480K, used 118733K [0x0000000080000000, 0x0000000100000000)
  region size 1024K, 55 young (56320K), 6 survivors (6144K)
 Metaspace       used 89894K, committed 90560K, reserved 1179648K
  class space    used 12397K, committed 12736K, reserved 1048576K
}
Event: 14.732 GC heap after
{Heap after GC invocations=38 (full 0):
 garbage-first heap   total 148480K, used 72462K [0x0000000080000000, 0x0000000100000000)
  region size 1024K, 7 young (7168K), 7 survivors (7168K)
 Metaspace       used 89894K, committed 90560K, reserved 1179648K
  class space    used 12397K, committed 12736K, reserved 1048576K
}
Event: 15.345 GC heap before
{Heap before GC invocations=38 (full 0):
 garbage-first heap   total 148480K, used 120590K [0x0000000080000000, 0x0000000100000000)
  region size 1024K, 55 young (56320K), 7 survivors (7168K)
 Metaspace       used 91329K, committed 91968K, reserved 1179648K
  class space    used 12657K, committed 12992K, reserved 1048576K
}
Event: 15.366 GC heap after
{Heap after GC invocations=39 (full 0):
 garbage-first heap   total 148480K, used 79691K [0x0000000080000000, 0x0000000100000000)
  region size 1024K, 7 young (7168K), 7 survivors (7168K)
 Metaspace       used 91329K, committed 91968K, reserved 1179648K
  class space    used 12657K, committed 12992K, reserved 1048576K
}
Event: 15.732 GC heap before
{Heap before GC invocations=39 (full 0):
 garbage-first heap   total 148480K, used 119627K [0x0000000080000000, 0x0000000100000000)
  region size 1024K, 47 young (48128K), 7 survivors (7168K)
 Metaspace       used 92025K, committed 92736K, reserved 1179648K
  class space    used 12772K, committed 13120K, reserved 1048576K
}
Event: 15.741 GC heap after
{Heap after GC invocations=40 (full 0):
 garbage-first heap   total 148480K, used 85916K [0x0000000080000000, 0x0000000100000000)
  region size 1024K, 6 young (6144K), 6 survivors (6144K)
 Metaspace       used 92025K, committed 92736K, reserved 1179648K
  class space    used 12772K, committed 13120K, reserved 1048576K
}
Event: 16.244 GC heap before
{Heap before GC invocations=41 (full 0):
 garbage-first heap   total 150528K, used 120732K [0x0000000080000000, 0x0000000100000000)
  region size 1024K, 41 young (41984K), 6 survivors (6144K)
 Metaspace       used 92468K, committed 93056K, reserved 1179648K
  class space    used 12805K, committed 13120K, reserved 1048576K
}
Event: 16.250 GC heap after
{Heap after GC invocations=42 (full 0):
 garbage-first heap   total 150528K, used 88973K [0x0000000080000000, 0x0000000100000000)
  region size 1024K, 5 young (5120K), 5 survivors (5120K)
 Metaspace       used 92468K, committed 93056K, reserved 1179648K
  class space    used 12805K, committed 13120K, reserved 1048576K
}
Event: 16.279 GC heap before
{Heap before GC invocations=42 (full 0):
 garbage-first heap   total 150528K, used 91021K [0x0000000080000000, 0x0000000100000000)
  region size 1024K, 7 young (7168K), 5 survivors (5120K)
 Metaspace       used 92540K, committed 93184K, reserved 1179648K
  class space    used 12814K, committed 13120K, reserved 1048576K
}
Event: 16.285 GC heap after
{Heap after GC invocations=43 (full 0):
 garbage-first heap   total 150528K, used 88115K [0x0000000080000000, 0x0000000100000000)
  region size 1024K, 1 young (1024K), 1 survivors (1024K)
 Metaspace       used 92540K, committed 93184K, reserved 1179648K
  class space    used 12814K, committed 13120K, reserved 1048576K
}
Event: 16.592 GC heap before
{Heap before GC invocations=43 (full 0):
 garbage-first heap   total 150528K, used 121907K [0x0000000080000000, 0x0000000100000000)
  region size 1024K, 35 young (35840K), 1 survivors (1024K)
 Metaspace       used 92971K, committed 93632K, reserved 1179648K
  class space    used 12853K, committed 13184K, reserved 1048576K
}
Event: 16.596 GC heap after
{Heap after GC invocations=44 (full 0):
 garbage-first heap   total 150528K, used 91929K [0x0000000080000000, 0x0000000100000000)
  region size 1024K, 5 young (5120K), 5 survivors (5120K)
 Metaspace       used 92971K, committed 93632K, reserved 1179648K
  class space    used 12853K, committed 13184K, reserved 1048576K
}
Event: 16.905 GC heap before
{Heap before GC invocations=45 (full 0):
 garbage-first heap   total 168960K, used 125721K [0x0000000080000000, 0x0000000100000000)
  region size 1024K, 34 young (34816K), 5 survivors (5120K)
 Metaspace       used 94434K, committed 95104K, reserved 1179648K
  class space    used 12992K, committed 13312K, reserved 1048576K
}
Event: 16.916 GC heap after
{Heap after GC invocations=46 (full 0):
 garbage-first heap   total 168960K, used 95870K [0x0000000080000000, 0x0000000100000000)
  region size 1024K, 5 young (5120K), 5 survivors (5120K)
 Metaspace       used 94434K, committed 95104K, reserved 1179648K
  class space    used 12992K, committed 13312K, reserved 1048576K
}
Event: 17.023 GC heap before
{Heap before GC invocations=46 (full 0):
 garbage-first heap   total 168960K, used 97918K [0x0000000080000000, 0x0000000100000000)
  region size 1024K, 8 young (8192K), 5 survivors (5120K)
 Metaspace       used 94914K, committed 95552K, reserved 1179648K
  class space    used 13062K, committed 13376K, reserved 1048576K
}

