# JRE version: OpenJDK Runtime Environment (17.0.7) (build 17.0.7+0-b2043.56-10550314)
# Java VM: OpenJDK 64-Bit Server VM (17.0.7+0-b2043.56-10550314, mixed mode, tiered, compressed oops, compressed class ptrs, g1 gc, windows-amd64)
GC Precious Log:
 CPUs: 8 total, 8 available
 Memory: 16130M
 Large Page Support: Disabled
 NUMA Support: Disabled
 Compressed Oops: Enabled (32-bit)
 Heap Region Size: 1M
 Heap Min Capacity: 8M
 Heap Initial Capacity: 254M
 Heap Max Capacity: 2G
 Pre-touch: Disabled
 Parallel Workers: 8
 Concurrent Workers: 2
 Concurrent Refinement Workers: 8
 Periodic GC: Disabled
Heap:
 garbage-first heap   total 323584K, used 173554K [0x0000000080000000, 0x0000000100000000)
  region size 1024K, 18 young (18432K), 5 survivors (5120K)
 Metaspace       used 115762K, committed 116480K, reserved 1179648K
  class space    used 16284K, committed 16640K, reserved 1048576K
GC Heap History (20 events):
Event: 21.963 GC heap before
{Heap before GC invocations=51 (full 0):
 garbage-first heap   total 140288K, used 114688K [0x0000000080000000, 0x0000000100000000)
  region size 1024K, 43 young (44032K), 6 survivors (6144K)
 Metaspace       used 92434K, committed 93120K, reserved 1179648K
  class space    used 12815K, committed 13120K, reserved 1048576K
}
Event: 21.997 GC heap after
{Heap after GC invocations=52 (full 0):
 garbage-first heap   total 140288K, used 83044K [0x0000000080000000, 0x0000000100000000)
  region size 1024K, 6 young (6144K), 6 survivors (6144K)
 Metaspace       used 92434K, committed 93120K, reserved 1179648K
  class space    used 12815K, committed 13120K, reserved 1048576K
}
Event: 22.019 GC heap before
{Heap before GC invocations=52 (full 0):
 garbage-first heap   total 140288K, used 83044K [0x0000000080000000, 0x0000000100000000)
  region size 1024K, 7 young (7168K), 6 survivors (6144K)
 Metaspace       used 92443K, committed 93120K, reserved 1179648K
  class space    used 12815K, committed 13120K, reserved 1048576K
}
Event: 22.031 GC heap after
{Heap after GC invocations=53 (full 0):
 garbage-first heap   total 140288K, used 83681K [0x0000000080000000, 0x0000000100000000)
  region size 1024K, 1 young (1024K), 1 survivors (1024K)
 Metaspace       used 92443K, committed 93120K, reserved 1179648K
  class space    used 12815K, committed 13120K, reserved 1048576K
}
Event: 22.624 GC heap before
{Heap before GC invocations=53 (full 0):
 garbage-first heap   total 140288K, used 113377K [0x0000000080000000, 0x0000000100000000)
  region size 1024K, 31 young (31744K), 1 survivors (1024K)
 Metaspace       used 92557K, committed 93184K, reserved 1179648K
  class space    used 12817K, committed 13120K, reserved 1048576K
}
Event: 22.632 GC heap after
{Heap after GC invocations=54 (full 0):
 garbage-first heap   total 140288K, used 86372K [0x0000000080000000, 0x0000000100000000)
  region size 1024K, 4 young (4096K), 4 survivors (4096K)
 Metaspace       used 92557K, committed 93184K, reserved 1179648K
  class space    used 12817K, committed 13120K, reserved 1048576K
}
Event: 23.572 GC heap before
{Heap before GC invocations=54 (full 0):
 garbage-first heap   total 140288K, used 114020K [0x0000000080000000, 0x0000000100000000)
  region size 1024K, 32 young (32768K), 4 survivors (4096K)
 Metaspace       used 93061K, committed 93760K, reserved 1179648K
  class space    used 12871K, committed 13248K, reserved 1048576K
}
Event: 23.585 GC heap after
{Heap after GC invocations=55 (full 0):
 garbage-first heap   total 323584K, used 89024K [0x0000000080000000, 0x0000000100000000)
  region size 1024K, 4 young (4096K), 4 survivors (4096K)
 Metaspace       used 93061K, committed 93760K, reserved 1179648K
  class space    used 12871K, committed 13248K, reserved 1048576K
}
Event: 27.198 GC heap before
{Heap before GC invocations=55 (full 0):
 garbage-first heap   total 323584K, used 251840K [0x0000000080000000, 0x0000000100000000)
  region size 1024K, 157 young (160768K), 4 survivors (4096K)
 Metaspace       used 98809K, committed 99520K, reserved 1179648K
  class space    used 13545K, committed 13888K, reserved 1048576K
}
Event: 27.219 GC heap after
{Heap after GC invocations=56 (full 0):
 garbage-first heap   total 323584K, used 103309K [0x0000000080000000, 0x0000000100000000)
  region size 1024K, 17 young (17408K), 17 survivors (17408K)
 Metaspace       used 98809K, committed 99520K, reserved 1179648K
  class space    used 13545K, committed 13888K, reserved 1048576K
}
Event: 29.485 GC heap before
{Heap before GC invocations=56 (full 0):
 garbage-first heap   total 323584K, used 246669K [0x0000000080000000, 0x0000000100000000)
  region size 1024K, 158 young (161792K), 17 survivors (17408K)
 Metaspace       used 104764K, committed 105472K, reserved 1179648K
  class space    used 14455K, committed 14848K, reserved 1048576K
}
Event: 29.537 GC heap after
{Heap after GC invocations=57 (full 0):
 garbage-first heap   total 323584K, used 124813K [0x0000000080000000, 0x0000000100000000)
  region size 1024K, 20 young (20480K), 20 survivors (20480K)
 Metaspace       used 104764K, committed 105472K, reserved 1179648K
  class space    used 14455K, committed 14848K, reserved 1048576K
}
Event: 30.926 GC heap before
{Heap before GC invocations=57 (full 0):
 garbage-first heap   total 323584K, used 245645K [0x0000000080000000, 0x0000000100000000)
  region size 1024K, 139 young (142336K), 20 survivors (20480K)
 Metaspace       used 109251K, committed 109952K, reserved 1179648K
  class space    used 15249K, committed 15616K, reserved 1048576K
}
Event: 30.981 GC heap after
{Heap after GC invocations=58 (full 0):
 garbage-first heap   total 323584K, used 141595K [0x0000000080000000, 0x0000000100000000)
  region size 1024K, 18 young (18432K), 18 survivors (18432K)
 Metaspace       used 109251K, committed 109952K, reserved 1179648K
  class space    used 15249K, committed 15616K, reserved 1048576K
}
Event: 32.095 GC heap before
{Heap before GC invocations=58 (full 0):
 garbage-first heap   total 323584K, used 251163K [0x0000000080000000, 0x0000000100000000)
  region size 1024K, 125 young (128000K), 18 survivors (18432K)
 Metaspace       used 113290K, committed 114048K, reserved 1179648K
  class space    used 15960K, committed 16320K, reserved 1048576K
}
Event: 32.152 GC heap after
{Heap after GC invocations=59 (full 0):
 garbage-first heap   total 323584K, used 157442K [0x0000000080000000, 0x0000000100000000)
  region size 1024K, 15 young (15360K), 15 survivors (15360K)
 Metaspace       used 113290K, committed 114048K, reserved 1179648K
  class space    used 15960K, committed 16320K, reserved 1048576K
}
Event: 33.304 GC heap before
{Heap before GC invocations=59 (full 0):
 garbage-first heap   total 323584K, used 255746K [0x0000000080000000, 0x0000000100000000)
  region size 1024K, 111 young (113664K), 15 survivors (15360K)
 Metaspace       used 115081K, committed 115840K, reserved 1179648K
  class space    used 16197K, committed 16576K, reserved 1048576K
}
Event: 33.331 GC heap after
{Heap after GC invocations=60 (full 0):
 garbage-first heap   total 323584K, used 161991K [0x0000000080000000, 0x0000000100000000)
  region size 1024K, 6 young (6144K), 6 survivors (6144K)
 Metaspace       used 115081K, committed 115840K, reserved 1179648K
  class space    used 16197K, committed 16576K, reserved 1048576K
}
Event: 34.158 GC heap before
{Heap before GC invocations=60 (full 0):
 garbage-first heap   total 323584K, used 259271K [0x0000000080000000, 0x0000000100000000)
  region size 1024K, 102 young (104448K), 6 survivors (6144K)
 Metaspace       used 115689K, committed 116416K, reserved 1179648K
  class space    used 16282K, committed 16640K, reserved 1048576K
}
Event: 34.169 GC heap after
{Heap after GC invocations=61 (full 0):
 garbage-first heap   total 323584K, used 161266K [0x0000000080000000, 0x0000000100000000)
  region size 1024K, 5 young (5120K), 5 survivors (5120K)
 Metaspace       used 115689K, committed 116416K, reserved 1179648K
  class space    used 16282K, committed 16640K, reserved 1048576K
}

